\BOOKMARK [0][-]{chapter*.1}{\376\377\000K\000a\000t\000a\000\040\000P\000e\000n\000g\000a\000n\000t\000a\000r}{}% 1
\BOOKMARK [0][-]{chapter*.3}{\376\377\000P\000e\000r\000s\000i\000a\000p\000a\000n\000\040\000P\000r\000a\000k\000t\000i\000k\000u\000m}{}% 2
\BOOKMARK [1][-]{section.0.1}{\376\377\000D\000e\000s\000k\000r\000i\000p\000s\000i\000\040\000P\000r\000a\000k\000t\000i\000k\000u\000m}{chapter*.3}% 3
\BOOKMARK [1][-]{section.0.2}{\376\377\000P\000e\000r\000s\000i\000a\000p\000a\000n\000\040\000E\000n\000v\000i\000r\000o\000n\000m\000e\000n\000t}{chapter*.3}% 4
\BOOKMARK [2][-]{subsection.0.2.1}{\376\377\000M\000e\000n\000g\000g\000u\000n\000a\000k\000a\000n\000\040\000D\000o\000c\000k\000e\000r}{section.0.2}% 5
\BOOKMARK [1][-]{section.0.3}{\376\377\000P\000e\000t\000u\000n\000j\000u\000k\000\040\000P\000e\000n\000g\000g\000u\000n\000a\000a\000n\000\040\000M\000o\000d\000u\000l}{chapter*.3}% 6
\BOOKMARK [1][-]{section.0.4}{\376\377\000P\000a\000n\000d\000u\000a\000n\000\040\000P\000e\000n\000g\000e\000r\000j\000a\000a\000n}{chapter*.3}% 7
\BOOKMARK [1][-]{section.0.5}{\376\377\000S\000t\000r\000u\000k\000t\000u\000r\000\040\000F\000o\000l\000d\000e\000r\000\040\000P\000r\000a\000k\000t\000i\000k\000u\000m}{chapter*.3}% 8
\BOOKMARK [1][-]{section.0.6}{\376\377\000D\000a\000t\000a\000s\000e\000t\000\040\000P\000r\000a\000k\000t\000i\000k\000u\000m}{chapter*.3}% 9
\BOOKMARK [1][-]{section.0.7}{\376\377\000R\000e\000f\000e\000r\000e\000n\000s\000i}{chapter*.3}% 10
\BOOKMARK [0][-]{chapter.1}{\376\377\000I\000m\000p\000l\000e\000m\000e\000n\000t\000a\000s\000i\000\040\000I\000n\000d\000e\000x\000i\000n\000g\000\040\000p\000a\000d\000a\000\040\000P\000o\000s\000t\000g\000r\000e\000S\000Q\000L}{}% 11
\BOOKMARK [1][-]{section.1.1}{\376\377\000P\000e\000n\000d\000a\000h\000u\000l\000u\000a\000n}{chapter.1}% 12
\BOOKMARK [2][-]{subsection.1.1.1}{\376\377\000T\000u\000j\000u\000a\000n\000\040\000P\000r\000a\000k\000t\000i\000k\000u\000m}{section.1.1}% 13
\BOOKMARK [1][-]{section.1.2}{\376\377\000K\000o\000n\000s\000e\000p\000\040\000D\000a\000s\000a\000r\000\040\000I\000n\000d\000e\000x\000i\000n\000g}{chapter.1}% 14
\BOOKMARK [2][-]{subsection.1.2.1}{\376\377\000A\000p\000a\000\040\000i\000t\000u\000\040\000I\000n\000d\000e\000x\000?}{section.1.2}% 15
\BOOKMARK [2][-]{subsection.1.2.2}{\376\377\000B\000a\000g\000a\000i\000m\000a\000n\000a\000\040\000I\000n\000d\000e\000x\000\040\000B\000e\000k\000e\000r\000j\000a}{section.1.2}% 16
\BOOKMARK [2][-]{subsection.1.2.3}{\376\377\000K\000a\000p\000a\000n\000\040\000M\000e\000n\000g\000g\000u\000n\000a\000k\000a\000n\000\040\000I\000n\000d\000e\000x}{section.1.2}% 17
\BOOKMARK [2][-]{subsection.1.2.4}{\376\377\000K\000a\000p\000a\000n\000\040\000T\000i\000d\000a\000k\000\040\000M\000e\000n\000g\000g\000u\000n\000a\000k\000a\000n\000\040\000I\000n\000d\000e\000x}{section.1.2}% 18
\BOOKMARK [2][-]{subsection.1.2.5}{\376\377\000D\000a\000m\000p\000a\000k\000\040\000I\000n\000d\000e\000x\000\040\000p\000a\000d\000a\000\040\000P\000e\000r\000f\000o\000r\000m\000a}{section.1.2}% 19
\BOOKMARK [1][-]{section.1.3}{\376\377\000J\000e\000n\000i\000s\000-\000j\000e\000n\000i\000s\000\040\000I\000n\000d\000e\000x\000\040\000d\000i\000\040\000P\000o\000s\000t\000g\000r\000e\000S\000Q\000L}{chapter.1}% 20
\BOOKMARK [2][-]{subsection.1.3.1}{\376\377\000B\000-\000t\000r\000e\000e\000\040\000I\000n\000d\000e\000x}{section.1.3}% 21
\BOOKMARK [2][-]{subsection.1.3.2}{\376\377\000H\000a\000s\000h\000\040\000I\000n\000d\000e\000x}{section.1.3}% 22
\BOOKMARK [2][-]{subsection.1.3.3}{\376\377\000G\000i\000S\000T\000\040\000I\000n\000d\000e\000x\000\040\000\050\000G\000e\000n\000e\000r\000a\000l\000i\000z\000e\000d\000\040\000S\000e\000a\000r\000c\000h\000\040\000T\000r\000e\000e\000\051}{section.1.3}% 23
\BOOKMARK [2][-]{subsection.1.3.4}{\376\377\000G\000I\000N\000\040\000I\000n\000d\000e\000x\000\040\000\050\000G\000e\000n\000e\000r\000a\000l\000i\000z\000e\000d\000\040\000I\000n\000v\000e\000r\000t\000e\000d\000\040\000I\000n\000d\000e\000x\000\051}{section.1.3}% 24
\BOOKMARK [2][-]{subsection.1.3.5}{\376\377\000B\000R\000I\000N\000\040\000I\000n\000d\000e\000x\000\040\000\050\000B\000l\000o\000c\000k\000\040\000R\000a\000n\000g\000e\000\040\000I\000N\000d\000e\000x\000\051}{section.1.3}% 25
\BOOKMARK [2][-]{subsection.1.3.6}{\376\377\000S\000P\000-\000G\000i\000S\000T\000\040\000I\000n\000d\000e\000x\000\040\000\050\000S\000p\000a\000c\000e\000-\000P\000a\000r\000t\000i\000t\000i\000o\000n\000e\000d\000\040\000G\000i\000S\000T\000\051}{section.1.3}% 26
\BOOKMARK [2][-]{subsection.1.3.7}{\376\377\000B\000e\000n\000c\000h\000m\000a\000r\000k\000\040\000p\000a\000d\000a\000\040\000K\000o\000n\000k\000u\000r\000e\000n\000s\000i\000\040\000T\000i\000n\000g\000g\000i}{section.1.3}% 27
\BOOKMARK [1][-]{section.1.4}{\376\377\000B\000e\000s\000t\000\040\000P\000r\000a\000c\000t\000i\000c\000e\000s\000\040\000I\000m\000p\000l\000e\000m\000e\000n\000t\000a\000s\000i\000\040\000I\000n\000d\000e\000x\000i\000n\000g}{chapter.1}% 28
\BOOKMARK [1][-]{section.1.5}{\376\377\000T\000a\000h\000a\000p\000a\000n\000\040\000P\000r\000a\000k\000t\000i\000k\000u\000m}{chapter.1}% 29
\BOOKMARK [2][-]{subsection.1.5.1}{\376\377\000P\000e\000r\000s\000i\000a\000p\000a\000n}{section.1.5}% 30
\BOOKMARK [2][-]{subsection.1.5.2}{\376\377\000M\000e\000n\000g\000e\000k\000s\000p\000l\000o\000r\000a\000s\000i\000\040\000E\000x\000e\000c\000u\000t\000i\000o\000n\000\040\000P\000l\000a\000n}{section.1.5}% 31
\BOOKMARK [2][-]{subsection.1.5.3}{\376\377\000M\000e\000n\000g\000u\000k\000u\000r\000\040\000P\000e\000r\000f\000o\000r\000m\000a\000\040\000Q\000u\000e\000r\000y\000\040\000T\000a\000n\000p\000a\000\040\000I\000n\000d\000e\000x}{section.1.5}% 32
\BOOKMARK [2][-]{subsection.1.5.4}{\376\377\000I\000m\000p\000l\000e\000m\000e\000n\000t\000a\000s\000i\000\040\000I\000n\000d\000e\000x\000\040\000y\000a\000n\000g\000\040\000T\000e\000p\000a\000t}{section.1.5}% 33
\BOOKMARK [2][-]{subsection.1.5.5}{\376\377\000M\000e\000n\000g\000u\000k\000u\000r\000\040\000P\000e\000r\000f\000o\000r\000m\000a\000\040\000S\000e\000t\000e\000l\000a\000h\000\040\000I\000n\000d\000e\000x\000i\000n\000g}{section.1.5}% 34
\BOOKMARK [2][-]{subsection.1.5.6}{\376\377\000M\000e\000m\000p\000e\000l\000a\000j\000a\000r\000i\000\040\000T\000i\000p\000e\000\040\000I\000n\000d\000e\000x\000\040\000L\000a\000i\000n}{section.1.5}% 35
\BOOKMARK [1][-]{section.1.6}{\376\377\000R\000e\000f\000e\000r\000e\000n\000s\000i}{chapter.1}% 36
